<?xml version="1.0" encoding="UTF-8"?>
<!-- Generated by org.testng.reporters.JUnitReportReporter -->
<testsuite hostname="Priyank" failures="0" tests="5" name="com.qa.api.tests.GoBankAPITests" time="3.186" errors="0" timestamp="2024-01-11T18:48:48 IST" skipped="0">
  <testcase classname="com.qa.api.tests.GoBankAPITests" name="testCreateAccount" time="2.403"/>
  <testcase classname="com.qa.api.tests.GoBankAPITests" name="testGetAccounts" time="0.153"/>
  <testcase classname="com.qa.api.tests.GoBankAPITests" name="testTransferAmount" time="0.413"/>
  <testcase classname="com.qa.api.tests.GoBankAPITests" name="testLoginAndGetToken" time="0.157"/>
  <testcase classname="com.qa.api.tests.GoBankAPITests" name="testGetAccountWithToken" time="0.060"/>
</testsuite> <!-- com.qa.api.tests.GoBankAPITests -->
