<?xml version="1.0" encoding="UTF-8"?>
<!-- Generated by org.testng.reporters.JUnitReportReporter -->
<testsuite hostname="Priyank" failures="0" tests="6" name="com.qa.api.tests.GoBankAPITests" time="7.626" errors="0" timestamp="2024-01-11T20:23:10 IST" skipped="0">
  <testcase classname="com.qa.api.tests.GoBankAPITests" name="testCreateAccount" time="4.325"/>
  <testcase classname="com.qa.api.tests.GoBankAPITests" name="testGetAccounts" time="0.581"/>
  <testcase classname="com.qa.api.tests.GoBankAPITests" name="testTransferAmount" time="0.397"/>
  <testcase classname="com.qa.api.tests.GoBankAPITests" name="testLoginAndGetToken" time="0.878"/>
  <testcase classname="com.qa.api.tests.GoBankAPITests" name="testGetAccountWithToken" time="0.540"/>
  <testcase classname="com.qa.api.tests.GoBankAPITests" name="testDeleteAccountWithToken" time="0.905"/>
</testsuite> <!-- com.qa.api.tests.GoBankAPITests -->
